<?xml version="1.0" encoding="UTF-8"?>
<!-- Generated by org.testng.reporters.JUnitXMLReporter -->
<testsuite hostname="ylheq" ignored="2" name="onlyRunStu" tests="2" failures="0" timestamp="19 十二月 2019 03:44:15 GMT" time="0.042" errors="0">
  <testcase name="test1" time="0.011" classname="com.test.testng.GroupsOnClass1"/>
  <testcase name="test2" time="0.002" classname="com.test.testng.GroupsOnClass1"/>
  <testcase name="test2" time="0.0" classname="com.test.testng.GroupsOnClass2">
    <ignored/>
  </testcase> <!-- test2 -->
  <testcase name="test1" time="0.0" classname="com.test.testng.GroupsOnClass2">
    <ignored/>
  </testcase> <!-- test1 -->
</testsuite> <!-- onlyRunStu -->
