<?xml version="1.0" encoding="UTF-8"?>
<!-- Generated by org.testng.reporters.JUnitXMLReporter -->
<testsuite hostname="ylheq" ignored="0" name="用户管理系统测试用例" tests="6" failures="2" timestamp="26 十二月 2019 11:14:36 GMT" time="22.453" errors="0">
  <testcase name="loginTrue" time="1.257" classname="com.test.cases.LoginTest"/>
  <testcase name="loginFalse" time="0.086" classname="com.test.cases.LoginTest"/>
  <testcase name="addUser" time="0.226" classname="com.test.cases.AddUserTest"/>
  <testcase name="getUserInfo" time="0.243" classname="com.test.cases.GetUserInfoTest"/>
  <testcase name="updateUser" time="10.171" classname="com.test.cases.UpdateUserInfoTest">
    <failure type="java.lang.AssertionError" message="expected object to not be null">
      <![CDATA[java.lang.AssertionError: expected object to not be null
	at com.test.cases.UpdateUserInfoTest.updateUser(UpdateUserInfoTest.java:30)
... Removed 28 stack frames]]>
    </failure>
  </testcase> <!-- updateUser -->
  <testcase name="deleteUser" time="10.166" classname="com.test.cases.UpdateUserInfoTest">
    <failure type="java.lang.AssertionError" message="expected object to not be null">
      <![CDATA[java.lang.AssertionError: expected object to not be null
	at com.test.cases.UpdateUserInfoTest.deleteUser(UpdateUserInfoTest.java:39)
... Removed 28 stack frames]]>
    </failure>
  </testcase> <!-- deleteUser -->
</testsuite> <!-- 用户管理系统测试用例 -->
