<?xml version="1.0" encoding="UTF-8"?>
<testng-results skipped="0" failed="0" ignored="0" total="2" passed="2">
  <reporter-output>
  </reporter-output>
  <suite name="Default suite" duration-ms="977" started-at="2019-12-20T04:53:43Z" finished-at="2019-12-20T04:53:44Z">
    <groups>
    </groups>
    <test name="Default test" duration-ms="977" started-at="2019-12-20T04:53:43Z" finished-at="2019-12-20T04:53:44Z">
      <class name="com.test.httpclient.TestPostCookies">
        <test-method status="PASS" signature="beforeTest()[pri:0, instance:com.test.httpclient.TestPostCookies@3a82f6ef]" name="beforeTest" is-config="true" duration-ms="20" started-at="2019-12-20T12:53:43Z" finished-at="2019-12-20T12:53:43Z">
          <reporter-output>
          </reporter-output>
        </test-method> <!-- beforeTest -->
        <test-method status="PASS" signature="getCookies()[pri:0, instance:com.test.httpclient.TestPostCookies@3a82f6ef]" name="getCookies" duration-ms="900" started-at="2019-12-20T12:53:43Z" finished-at="2019-12-20T12:53:44Z">
          <reporter-output>
          </reporter-output>
        </test-method> <!-- getCookies -->
        <test-method status="PASS" signature="postWithCookies()[pri:0, instance:com.test.httpclient.TestPostCookies@3a82f6ef]" name="postWithCookies" duration-ms="21" started-at="2019-12-20T12:53:44Z" depends-on-methods="com.test.httpclient.TestPostCookies.getCookies" finished-at="2019-12-20T12:53:44Z">
          <reporter-output>
          </reporter-output>
        </test-method> <!-- postWithCookies -->
      </class> <!-- com.test.httpclient.TestPostCookies -->
    </test> <!-- Default test -->
  </suite> <!-- Default suite -->
</testng-results>
