<?xml version="1.0" encoding="UTF-8"?>
<!-- Generated by org.testng.reporters.JUnitXMLReporter -->
<testsuite hostname="ylheq" ignored="0" name="test2" tests="3" failures="0" timestamp="19 十二月 2019 05:57:51 GMT" time="0.017" errors="0">
  <testcase name="test1" time="0.002" classname="com.test.testng.MutliThreadOnXml"/>
  <testcase name="test2" time="0.003" classname="com.test.testng.MutliThreadOnXml"/>
  <testcase name="test3" time="0.002" classname="com.test.testng.MutliThreadOnXml"/>
</testsuite> <!-- test2 -->
